

############################
Thu Mar  5 08:49:13 CET 2020
/Users/athanasm/R-stuff/LCBC/ggseg_stuff/ggsegExtra
/Applications/freesurfer/tktools/tksurfer.bin fsaverage rh inflated 
############################


############################
Thu Mar  5 08:49:18 CET 2020
/Users/athanasm/R-stuff/LCBC/ggseg_stuff/ggsegExtra
/Applications/freesurfer/tktools/tksurfer.bin fsaverage rh inflated 
############################


############################
Thu Mar  5 08:49:22 CET 2020
/Users/athanasm/R-stuff/LCBC/ggseg_stuff/ggsegExtra
/Applications/freesurfer/tktools/tksurfer.bin fsaverage rh inflated 
############################


############################
Thu Mar  5 08:49:26 CET 2020
/Users/athanasm/R-stuff/LCBC/ggseg_stuff/ggsegExtra
/Applications/freesurfer/tktools/tksurfer.bin fsaverage rh inflated 
############################


############################
Thu Mar  5 08:49:29 CET 2020
/Users/athanasm/R-stuff/LCBC/ggseg_stuff/ggsegExtra
/Applications/freesurfer/tktools/tksurfer.bin fsaverage rh inflated 
############################


############################
Thu Mar  5 08:49:33 CET 2020
/Users/athanasm/R-stuff/LCBC/ggseg_stuff/ggsegExtra
/Applications/freesurfer/tktools/tksurfer.bin fsaverage rh inflated 
############################


############################
Thu Mar  5 08:49:37 CET 2020
/Users/athanasm/R-stuff/LCBC/ggseg_stuff/ggsegExtra
/Applications/freesurfer/tktools/tksurfer.bin fsaverage rh inflated 
############################


############################
Thu Mar  5 08:49:41 CET 2020
/Users/athanasm/R-stuff/LCBC/ggseg_stuff/ggsegExtra
/Applications/freesurfer/tktools/tksurfer.bin fsaverage rh inflated 
############################


############################
Thu Mar  5 08:49:44 CET 2020
/Users/athanasm/R-stuff/LCBC/ggseg_stuff/ggsegExtra
/Applications/freesurfer/tktools/tksurfer.bin fsaverage rh inflated 
############################


############################
Thu Mar  5 08:49:48 CET 2020
/Users/athanasm/R-stuff/LCBC/ggseg_stuff/ggsegExtra
/Applications/freesurfer/tktools/tksurfer.bin fsaverage rh inflated 
############################


############################
Thu Mar  5 08:49:51 CET 2020
/Users/athanasm/R-stuff/LCBC/ggseg_stuff/ggsegExtra
/Applications/freesurfer/tktools/tksurfer.bin fsaverage rh inflated 
############################


############################
Thu Mar  5 08:49:55 CET 2020
/Users/athanasm/R-stuff/LCBC/ggseg_stuff/ggsegExtra
/Applications/freesurfer/tktools/tksurfer.bin fsaverage rh inflated 
############################


############################
Thu Mar  5 08:49:59 CET 2020
/Users/athanasm/R-stuff/LCBC/ggseg_stuff/ggsegExtra
/Applications/freesurfer/tktools/tksurfer.bin fsaverage rh inflated 
############################


############################
Thu Mar  5 08:50:02 CET 2020
/Users/athanasm/R-stuff/LCBC/ggseg_stuff/ggsegExtra
/Applications/freesurfer/tktools/tksurfer.bin fsaverage rh inflated 
############################


############################
Thu Mar  5 08:50:06 CET 2020
/Users/athanasm/R-stuff/LCBC/ggseg_stuff/ggsegExtra
/Applications/freesurfer/tktools/tksurfer.bin fsaverage rh inflated 
############################


############################
Thu Mar  5 08:50:09 CET 2020
/Users/athanasm/R-stuff/LCBC/ggseg_stuff/ggsegExtra
/Applications/freesurfer/tktools/tksurfer.bin fsaverage rh inflated 
############################


############################
Thu Mar  5 08:50:13 CET 2020
/Users/athanasm/R-stuff/LCBC/ggseg_stuff/ggsegExtra
/Applications/freesurfer/tktools/tksurfer.bin fsaverage rh inflated 
############################


############################
Thu Mar  5 08:50:17 CET 2020
/Users/athanasm/R-stuff/LCBC/ggseg_stuff/ggsegExtra
/Applications/freesurfer/tktools/tksurfer.bin fsaverage rh inflated 
############################


############################
Thu Mar  5 08:50:20 CET 2020
/Users/athanasm/R-stuff/LCBC/ggseg_stuff/ggsegExtra
/Applications/freesurfer/tktools/tksurfer.bin fsaverage rh inflated 
############################


############################
Thu Mar  5 08:50:24 CET 2020
/Users/athanasm/R-stuff/LCBC/ggseg_stuff/ggsegExtra
/Applications/freesurfer/tktools/tksurfer.bin fsaverage rh inflated 
############################


############################
Thu Mar  5 08:50:27 CET 2020
/Users/athanasm/R-stuff/LCBC/ggseg_stuff/ggsegExtra
/Applications/freesurfer/tktools/tksurfer.bin fsaverage rh inflated 
############################


############################
Thu Mar  5 08:50:31 CET 2020
/Users/athanasm/R-stuff/LCBC/ggseg_stuff/ggsegExtra
/Applications/freesurfer/tktools/tksurfer.bin fsaverage rh inflated 
############################


############################
Thu Mar  5 08:50:35 CET 2020
/Users/athanasm/R-stuff/LCBC/ggseg_stuff/ggsegExtra
/Applications/freesurfer/tktools/tksurfer.bin fsaverage rh inflated 
############################


############################
Thu Mar  5 08:50:38 CET 2020
/Users/athanasm/R-stuff/LCBC/ggseg_stuff/ggsegExtra
/Applications/freesurfer/tktools/tksurfer.bin fsaverage rh inflated 
############################


############################
Thu Mar  5 08:50:42 CET 2020
/Users/athanasm/R-stuff/LCBC/ggseg_stuff/ggsegExtra
/Applications/freesurfer/tktools/tksurfer.bin fsaverage rh inflated 
############################


############################
Thu Mar  5 08:50:46 CET 2020
/Users/athanasm/R-stuff/LCBC/ggseg_stuff/ggsegExtra
/Applications/freesurfer/tktools/tksurfer.bin fsaverage rh inflated 
############################


############################
Thu Mar  5 08:50:49 CET 2020
/Users/athanasm/R-stuff/LCBC/ggseg_stuff/ggsegExtra
/Applications/freesurfer/tktools/tksurfer.bin fsaverage rh inflated 
############################


############################
Thu Mar  5 08:50:53 CET 2020
/Users/athanasm/R-stuff/LCBC/ggseg_stuff/ggsegExtra
/Applications/freesurfer/tktools/tksurfer.bin fsaverage rh inflated 
############################


############################
Thu Mar  5 08:50:56 CET 2020
/Users/athanasm/R-stuff/LCBC/ggseg_stuff/ggsegExtra
/Applications/freesurfer/tktools/tksurfer.bin fsaverage rh inflated 
############################


############################
Thu Mar  5 08:51:00 CET 2020
/Users/athanasm/R-stuff/LCBC/ggseg_stuff/ggsegExtra
/Applications/freesurfer/tktools/tksurfer.bin fsaverage rh inflated 
############################


############################
Thu Mar  5 08:51:03 CET 2020
/Users/athanasm/R-stuff/LCBC/ggseg_stuff/ggsegExtra
/Applications/freesurfer/tktools/tksurfer.bin fsaverage rh inflated 
############################


############################
Thu Mar  5 08:51:07 CET 2020
/Users/athanasm/R-stuff/LCBC/ggseg_stuff/ggsegExtra
/Applications/freesurfer/tktools/tksurfer.bin fsaverage rh inflated 
############################


############################
Thu Mar  5 08:51:10 CET 2020
/Users/athanasm/R-stuff/LCBC/ggseg_stuff/ggsegExtra
/Applications/freesurfer/tktools/tksurfer.bin fsaverage rh inflated 
############################


############################
Thu Mar  5 08:51:14 CET 2020
/Users/athanasm/R-stuff/LCBC/ggseg_stuff/ggsegExtra
/Applications/freesurfer/tktools/tksurfer.bin fsaverage rh inflated 
############################


############################
Thu Mar  5 08:51:17 CET 2020
/Users/athanasm/R-stuff/LCBC/ggseg_stuff/ggsegExtra
/Applications/freesurfer/tktools/tksurfer.bin fsaverage rh inflated 
############################


############################
Thu Mar  5 08:51:21 CET 2020
/Users/athanasm/R-stuff/LCBC/ggseg_stuff/ggsegExtra
/Applications/freesurfer/tktools/tksurfer.bin fsaverage rh inflated 
############################


############################
Thu Mar  5 08:51:24 CET 2020
/Users/athanasm/R-stuff/LCBC/ggseg_stuff/ggsegExtra
/Applications/freesurfer/tktools/tksurfer.bin fsaverage rh inflated 
############################


############################
Thu Mar  5 08:51:28 CET 2020
/Users/athanasm/R-stuff/LCBC/ggseg_stuff/ggsegExtra
/Applications/freesurfer/tktools/tksurfer.bin fsaverage rh inflated 
############################


############################
Thu Mar  5 08:51:32 CET 2020
/Users/athanasm/R-stuff/LCBC/ggseg_stuff/ggsegExtra
/Applications/freesurfer/tktools/tksurfer.bin fsaverage rh inflated 
############################


############################
Thu Mar  5 08:51:35 CET 2020
/Users/athanasm/R-stuff/LCBC/ggseg_stuff/ggsegExtra
/Applications/freesurfer/tktools/tksurfer.bin fsaverage rh inflated 
############################


############################
Thu Mar  5 08:51:39 CET 2020
/Users/athanasm/R-stuff/LCBC/ggseg_stuff/ggsegExtra
/Applications/freesurfer/tktools/tksurfer.bin fsaverage rh inflated 
############################


############################
Thu Mar  5 08:51:43 CET 2020
/Users/athanasm/R-stuff/LCBC/ggseg_stuff/ggsegExtra
/Applications/freesurfer/tktools/tksurfer.bin fsaverage rh inflated 
############################


############################
Thu Mar  5 08:51:46 CET 2020
/Users/athanasm/R-stuff/LCBC/ggseg_stuff/ggsegExtra
/Applications/freesurfer/tktools/tksurfer.bin fsaverage rh inflated 
############################


############################
Thu Mar  5 08:51:50 CET 2020
/Users/athanasm/R-stuff/LCBC/ggseg_stuff/ggsegExtra
/Applications/freesurfer/tktools/tksurfer.bin fsaverage rh inflated 
############################


############################
Thu Mar  5 08:51:53 CET 2020
/Users/athanasm/R-stuff/LCBC/ggseg_stuff/ggsegExtra
/Applications/freesurfer/tktools/tksurfer.bin fsaverage rh inflated 
############################


############################
Thu Mar  5 08:51:57 CET 2020
/Users/athanasm/R-stuff/LCBC/ggseg_stuff/ggsegExtra
/Applications/freesurfer/tktools/tksurfer.bin fsaverage rh inflated 
############################


############################
Thu Mar  5 08:52:01 CET 2020
/Users/athanasm/R-stuff/LCBC/ggseg_stuff/ggsegExtra
/Applications/freesurfer/tktools/tksurfer.bin fsaverage rh inflated 
############################


############################
Thu Mar  5 08:52:05 CET 2020
/Users/athanasm/R-stuff/LCBC/ggseg_stuff/ggsegExtra
/Applications/freesurfer/tktools/tksurfer.bin fsaverage rh inflated 
############################


############################
Thu Mar  5 08:52:08 CET 2020
/Users/athanasm/R-stuff/LCBC/ggseg_stuff/ggsegExtra
/Applications/freesurfer/tktools/tksurfer.bin fsaverage rh inflated 
############################


############################
Thu Mar  5 08:52:12 CET 2020
/Users/athanasm/R-stuff/LCBC/ggseg_stuff/ggsegExtra
/Applications/freesurfer/tktools/tksurfer.bin fsaverage lh inflated 
############################


############################
Thu Mar  5 08:52:16 CET 2020
/Users/athanasm/R-stuff/LCBC/ggseg_stuff/ggsegExtra
/Applications/freesurfer/tktools/tksurfer.bin fsaverage lh inflated 
############################


############################
Thu Mar  5 08:52:20 CET 2020
/Users/athanasm/R-stuff/LCBC/ggseg_stuff/ggsegExtra
/Applications/freesurfer/tktools/tksurfer.bin fsaverage lh inflated 
############################


############################
Thu Mar  5 08:52:24 CET 2020
/Users/athanasm/R-stuff/LCBC/ggseg_stuff/ggsegExtra
/Applications/freesurfer/tktools/tksurfer.bin fsaverage lh inflated 
############################


############################
Thu Mar  5 08:52:27 CET 2020
/Users/athanasm/R-stuff/LCBC/ggseg_stuff/ggsegExtra
/Applications/freesurfer/tktools/tksurfer.bin fsaverage lh inflated 
############################


############################
Thu Mar  5 08:52:31 CET 2020
/Users/athanasm/R-stuff/LCBC/ggseg_stuff/ggsegExtra
/Applications/freesurfer/tktools/tksurfer.bin fsaverage lh inflated 
############################


############################
Thu Mar  5 08:52:34 CET 2020
/Users/athanasm/R-stuff/LCBC/ggseg_stuff/ggsegExtra
/Applications/freesurfer/tktools/tksurfer.bin fsaverage lh inflated 
############################


############################
Thu Mar  5 08:52:38 CET 2020
/Users/athanasm/R-stuff/LCBC/ggseg_stuff/ggsegExtra
/Applications/freesurfer/tktools/tksurfer.bin fsaverage lh inflated 
############################


############################
Thu Mar  5 08:52:42 CET 2020
/Users/athanasm/R-stuff/LCBC/ggseg_stuff/ggsegExtra
/Applications/freesurfer/tktools/tksurfer.bin fsaverage lh inflated 
############################


############################
Thu Mar  5 08:52:46 CET 2020
/Users/athanasm/R-stuff/LCBC/ggseg_stuff/ggsegExtra
/Applications/freesurfer/tktools/tksurfer.bin fsaverage lh inflated 
############################


############################
Thu Mar  5 08:52:49 CET 2020
/Users/athanasm/R-stuff/LCBC/ggseg_stuff/ggsegExtra
/Applications/freesurfer/tktools/tksurfer.bin fsaverage lh inflated 
############################


############################
Thu Mar  5 08:52:53 CET 2020
/Users/athanasm/R-stuff/LCBC/ggseg_stuff/ggsegExtra
/Applications/freesurfer/tktools/tksurfer.bin fsaverage lh inflated 
############################


############################
Thu Mar  5 08:52:57 CET 2020
/Users/athanasm/R-stuff/LCBC/ggseg_stuff/ggsegExtra
/Applications/freesurfer/tktools/tksurfer.bin fsaverage lh inflated 
############################


############################
Thu Mar  5 08:53:00 CET 2020
/Users/athanasm/R-stuff/LCBC/ggseg_stuff/ggsegExtra
/Applications/freesurfer/tktools/tksurfer.bin fsaverage lh inflated 
############################


############################
Thu Mar  5 08:53:04 CET 2020
/Users/athanasm/R-stuff/LCBC/ggseg_stuff/ggsegExtra
/Applications/freesurfer/tktools/tksurfer.bin fsaverage lh inflated 
############################


############################
Thu Mar  5 08:53:07 CET 2020
/Users/athanasm/R-stuff/LCBC/ggseg_stuff/ggsegExtra
/Applications/freesurfer/tktools/tksurfer.bin fsaverage lh inflated 
############################


############################
Thu Mar  5 08:53:11 CET 2020
/Users/athanasm/R-stuff/LCBC/ggseg_stuff/ggsegExtra
/Applications/freesurfer/tktools/tksurfer.bin fsaverage lh inflated 
############################


############################
Thu Mar  5 08:53:15 CET 2020
/Users/athanasm/R-stuff/LCBC/ggseg_stuff/ggsegExtra
/Applications/freesurfer/tktools/tksurfer.bin fsaverage lh inflated 
############################


############################
Thu Mar  5 08:53:18 CET 2020
/Users/athanasm/R-stuff/LCBC/ggseg_stuff/ggsegExtra
/Applications/freesurfer/tktools/tksurfer.bin fsaverage lh inflated 
############################


############################
Thu Mar  5 08:53:22 CET 2020
/Users/athanasm/R-stuff/LCBC/ggseg_stuff/ggsegExtra
/Applications/freesurfer/tktools/tksurfer.bin fsaverage lh inflated 
############################


############################
Thu Mar  5 08:53:25 CET 2020
/Users/athanasm/R-stuff/LCBC/ggseg_stuff/ggsegExtra
/Applications/freesurfer/tktools/tksurfer.bin fsaverage lh inflated 
############################


############################
Thu Mar  5 08:53:29 CET 2020
/Users/athanasm/R-stuff/LCBC/ggseg_stuff/ggsegExtra
/Applications/freesurfer/tktools/tksurfer.bin fsaverage lh inflated 
############################


############################
Thu Mar  5 08:53:33 CET 2020
/Users/athanasm/R-stuff/LCBC/ggseg_stuff/ggsegExtra
/Applications/freesurfer/tktools/tksurfer.bin fsaverage lh inflated 
############################


############################
Thu Mar  5 08:53:36 CET 2020
/Users/athanasm/R-stuff/LCBC/ggseg_stuff/ggsegExtra
/Applications/freesurfer/tktools/tksurfer.bin fsaverage lh inflated 
############################


############################
Thu Mar  5 08:53:40 CET 2020
/Users/athanasm/R-stuff/LCBC/ggseg_stuff/ggsegExtra
/Applications/freesurfer/tktools/tksurfer.bin fsaverage lh inflated 
############################


############################
Thu Mar  5 08:53:43 CET 2020
/Users/athanasm/R-stuff/LCBC/ggseg_stuff/ggsegExtra
/Applications/freesurfer/tktools/tksurfer.bin fsaverage lh inflated 
############################


############################
Thu Mar  5 08:53:47 CET 2020
/Users/athanasm/R-stuff/LCBC/ggseg_stuff/ggsegExtra
/Applications/freesurfer/tktools/tksurfer.bin fsaverage lh inflated 
############################


############################
Thu Mar  5 08:53:51 CET 2020
/Users/athanasm/R-stuff/LCBC/ggseg_stuff/ggsegExtra
/Applications/freesurfer/tktools/tksurfer.bin fsaverage lh inflated 
############################


############################
Thu Mar  5 08:53:54 CET 2020
/Users/athanasm/R-stuff/LCBC/ggseg_stuff/ggsegExtra
/Applications/freesurfer/tktools/tksurfer.bin fsaverage lh inflated 
############################


############################
Thu Mar  5 08:53:58 CET 2020
/Users/athanasm/R-stuff/LCBC/ggseg_stuff/ggsegExtra
/Applications/freesurfer/tktools/tksurfer.bin fsaverage lh inflated 
############################


############################
Thu Mar  5 08:54:02 CET 2020
/Users/athanasm/R-stuff/LCBC/ggseg_stuff/ggsegExtra
/Applications/freesurfer/tktools/tksurfer.bin fsaverage lh inflated 
############################


############################
Thu Mar  5 08:54:06 CET 2020
/Users/athanasm/R-stuff/LCBC/ggseg_stuff/ggsegExtra
/Applications/freesurfer/tktools/tksurfer.bin fsaverage lh inflated 
############################


############################
Thu Mar  5 08:54:09 CET 2020
/Users/athanasm/R-stuff/LCBC/ggseg_stuff/ggsegExtra
/Applications/freesurfer/tktools/tksurfer.bin fsaverage lh inflated 
############################


############################
Thu Mar  5 08:54:13 CET 2020
/Users/athanasm/R-stuff/LCBC/ggseg_stuff/ggsegExtra
/Applications/freesurfer/tktools/tksurfer.bin fsaverage lh inflated 
############################


############################
Thu Mar  5 08:54:17 CET 2020
/Users/athanasm/R-stuff/LCBC/ggseg_stuff/ggsegExtra
/Applications/freesurfer/tktools/tksurfer.bin fsaverage lh inflated 
############################


############################
Thu Mar  5 08:54:20 CET 2020
/Users/athanasm/R-stuff/LCBC/ggseg_stuff/ggsegExtra
/Applications/freesurfer/tktools/tksurfer.bin fsaverage lh inflated 
############################


############################
Thu Mar  5 08:54:24 CET 2020
/Users/athanasm/R-stuff/LCBC/ggseg_stuff/ggsegExtra
/Applications/freesurfer/tktools/tksurfer.bin fsaverage lh inflated 
############################


############################
Thu Mar  5 08:54:27 CET 2020
/Users/athanasm/R-stuff/LCBC/ggseg_stuff/ggsegExtra
/Applications/freesurfer/tktools/tksurfer.bin fsaverage lh inflated 
############################


############################
Thu Mar  5 08:54:31 CET 2020
/Users/athanasm/R-stuff/LCBC/ggseg_stuff/ggsegExtra
/Applications/freesurfer/tktools/tksurfer.bin fsaverage lh inflated 
############################


############################
Thu Mar  5 08:54:34 CET 2020
/Users/athanasm/R-stuff/LCBC/ggseg_stuff/ggsegExtra
/Applications/freesurfer/tktools/tksurfer.bin fsaverage lh inflated 
############################


############################
Thu Mar  5 08:54:38 CET 2020
/Users/athanasm/R-stuff/LCBC/ggseg_stuff/ggsegExtra
/Applications/freesurfer/tktools/tksurfer.bin fsaverage lh inflated 
############################


############################
Thu Mar  5 08:54:42 CET 2020
/Users/athanasm/R-stuff/LCBC/ggseg_stuff/ggsegExtra
/Applications/freesurfer/tktools/tksurfer.bin fsaverage lh inflated 
############################


############################
Thu Mar  5 08:54:45 CET 2020
/Users/athanasm/R-stuff/LCBC/ggseg_stuff/ggsegExtra
/Applications/freesurfer/tktools/tksurfer.bin fsaverage lh inflated 
############################


############################
Thu Mar  5 08:54:49 CET 2020
/Users/athanasm/R-stuff/LCBC/ggseg_stuff/ggsegExtra
/Applications/freesurfer/tktools/tksurfer.bin fsaverage lh inflated 
############################


############################
Thu Mar  5 08:54:53 CET 2020
/Users/athanasm/R-stuff/LCBC/ggseg_stuff/ggsegExtra
/Applications/freesurfer/tktools/tksurfer.bin fsaverage lh inflated 
############################


############################
Thu Mar  5 08:54:56 CET 2020
/Users/athanasm/R-stuff/LCBC/ggseg_stuff/ggsegExtra
/Applications/freesurfer/tktools/tksurfer.bin fsaverage lh inflated 
############################


############################
Thu Mar  5 08:55:00 CET 2020
/Users/athanasm/R-stuff/LCBC/ggseg_stuff/ggsegExtra
/Applications/freesurfer/tktools/tksurfer.bin fsaverage lh inflated 
############################


############################
Thu Mar  5 08:55:03 CET 2020
/Users/athanasm/R-stuff/LCBC/ggseg_stuff/ggsegExtra
/Applications/freesurfer/tktools/tksurfer.bin fsaverage lh inflated 
############################


############################
Thu Mar  5 08:55:07 CET 2020
/Users/athanasm/R-stuff/LCBC/ggseg_stuff/ggsegExtra
/Applications/freesurfer/tktools/tksurfer.bin fsaverage lh inflated 
############################


############################
Thu Mar  5 09:00:44 CET 2020
/Users/athanasm/R-stuff/LCBC/ggseg_stuff/ggsegExtra
/Applications/freesurfer/tktools/tksurfer.bin fsaverage rh inflated 
############################


############################
Thu Mar  5 09:01:39 CET 2020
/Users/athanasm/R-stuff/LCBC/ggseg_stuff/ggsegExtra
/Applications/freesurfer/tktools/tksurfer.bin fsaverage lh inflated 
############################


############################
Thu Mar  5 09:02:09 CET 2020
/Users/athanasm/R-stuff/LCBC/ggseg_stuff/ggsegExtra
/Applications/freesurfer/tktools/tksurfer.bin fsaverage lh inflated 
############################


############################
Thu Mar  5 09:03:33 CET 2020
/Users/athanasm/R-stuff/LCBC/ggseg_stuff/ggsegExtra
/Applications/freesurfer/tktools/tksurfer.bin fsaverage lh inflated 
############################


############################
Thu Mar  5 09:05:39 CET 2020
/Users/athanasm/R-stuff/LCBC/ggseg_stuff/ggsegExtra
/Applications/freesurfer/tktools/tksurfer.bin fsaverage lh inflated 
############################


############################
Thu Mar  5 09:06:15 CET 2020
/Users/athanasm/R-stuff/LCBC/ggseg_stuff/ggsegExtra
/Applications/freesurfer/tktools/tksurfer.bin fsaverage lh inflated 
############################


############################
Thu Mar  5 09:06:33 CET 2020
/Users/athanasm/R-stuff/LCBC/ggseg_stuff/ggsegExtra
/Applications/freesurfer/tktools/tksurfer.bin fsaverage lh inflated 
############################
